Arguments: 
  /usr/bin/node /home/yuu/.cache/node/corepack/yarn/1.22.19/bin/yarn.js set version from sources

PATH: 
  /home/yuu/.local/bin:/home/yuu/Applications:/home/yuu/Scripts:/home/yuu/.local/share/npm/bin:/home/yuu/.local/share/cargo/bin:/home/yuu/Applications/bat-extras/src:/home/yuu/Applications/omnisharp:/sbin:/bin:/usr/local/sbin:/usr/local/bin:/usr/bin:/usr/sbin:/home/yuu/.bun/bin:/home/yuu/.dotnet/tools:/usr/bin/site_perl:/usr/bin/vendor_perl:/usr/bin/core_perl:/home/yuu/.local/share/nvim/mason/bin:/home/yuu/.local/share/go/bin:/home/yuu/.config/emacs/bin

Yarn version: 
  1.22.19

Node version: 
  19.8.0

Platform: 
  linux x64

Trace: 
  Error: Release not found: from
      at /home/yuu/.cache/node/corepack/yarn/1.22.19/lib/cli.js:86358:17
      at Generator.next (<anonymous>)
      at step (/home/yuu/.cache/node/corepack/yarn/1.22.19/lib/cli.js:310:30)
      at /home/yuu/.cache/node/corepack/yarn/1.22.19/lib/cli.js:321:13
      at process.processTicksAndRejections (node:internal/process/task_queues:95:5)

npm manifest: 
  No manifest

yarn manifest: 
  No manifest

Lockfile: 
  No lockfile
